c:\vs\projects\prototype defense\bin\intermediates\win32\debug\prototype defense.pch
c:\vs\projects\prototype defense\bin\intermediates\win32\debug\vc142.pdb
c:\vs\projects\prototype defense\bin\intermediates\win32\debug\vc142.idb
c:\vs\projects\prototype defense\bin\intermediates\win32\debug\pch.obj
c:\vs\projects\prototype defense\bin\intermediates\win32\debug\shader.obj
c:\vs\projects\prototype defense\bin\intermediates\win32\debug\sprite.obj
c:\vs\projects\prototype defense\bin\intermediates\win32\debug\platform.obj
c:\vs\projects\prototype defense\bin\intermediates\win32\debug\entity.obj
c:\vs\projects\prototype defense\bin\intermediates\win32\debug\hitbox.obj
c:\vs\projects\prototype defense\bin\intermediates\win32\debug\enemy.obj
c:\vs\projects\prototype defense\bin\intermediates\win32\debug\imguimanager.obj
c:\vs\projects\prototype defense\bin\intermediates\win32\debug\shadermanager.obj
c:\vs\projects\prototype defense\bin\intermediates\win32\debug\gamecontroller.obj
c:\vs\projects\prototype defense\bin\intermediates\win32\debug\path.obj
c:\vs\projects\prototype defense\bin\intermediates\win32\debug\map.obj
c:\vs\projects\prototype defense\bin\intermediates\win32\debug\round.obj
c:\vs\projects\prototype defense\bin\intermediates\win32\debug\healthbar.obj
c:\vs\projects\prototype defense\bin\intermediates\win32\debug\wave.obj
c:\vs\projects\prototype defense\bin\intermediates\win32\debug\tile.obj
c:\vs\projects\prototype defense\bin\intermediates\win32\debug\texturemanager.obj
c:\vs\projects\prototype defense\bin\intermediates\win32\debug\windowmanager.obj
c:\vs\projects\prototype defense\bin\intermediates\win32\debug\testbatchrendering.obj
c:\vs\projects\prototype defense\bin\intermediates\win32\debug\testclearcolor.obj
c:\vs\projects\prototype defense\bin\intermediates\win32\debug\testshootdeltatime.obj
c:\vs\projects\prototype defense\bin\intermediates\win32\debug\testsendingwaves.obj
c:\vs\projects\prototype defense\bin\intermediates\win32\debug\testdynamicbuffer.obj
c:\vs\projects\prototype defense\bin\intermediates\win32\debug\test.obj
c:\vs\projects\prototype defense\bin\intermediates\win32\debug\testmanager.obj
c:\vs\projects\prototype defense\bin\intermediates\win32\debug\texture.obj
c:\vs\projects\prototype defense\bin\intermediates\win32\debug\vertexarray.obj
c:\vs\projects\prototype defense\bin\intermediates\win32\debug\vertexbuffer.obj
c:\vs\projects\prototype defense\bin\intermediates\win32\debug\renderer.obj
c:\vs\projects\prototype defense\bin\intermediates\win32\debug\tower.obj
c:\vs\projects\prototype defense\bin\intermediates\win32\debug\main.obj
c:\vs\projects\prototype defense\bin\intermediates\win32\debug\projectile.obj
c:\vs\projects\prototype defense\bin\intermediates\win32\debug\indexbuffer.obj
c:\vs\projects\prototype defense\bin\intermediates\win32\debug\prototyp.390a3fe3.tlog\cl.command.1.tlog
c:\vs\projects\prototype defense\bin\intermediates\win32\debug\prototyp.390a3fe3.tlog\cl.read.1.tlog
c:\vs\projects\prototype defense\bin\intermediates\win32\debug\prototyp.390a3fe3.tlog\cl.write.1.tlog
